<?xml version="1.0" encoding="UTF-8"?>
<!-- 引入约束 -->
<beans xmlns="http://www.springframework.org/schema/beans"
	xmlns:xsi="http://www.w3.org/2001/XMLSchema-instance" 
	xmlns:aop="http://www.springframework.org/schema/aop"
	xmlns:context="http://www.springframework.org/schema/context"
	xmlns:tx="http://www.springframework.org/schema/tx"
	xsi:schemaLocation="http://www.springframework.org/schema/beans
         http://www.springframework.org/schema/beans/spring-beans-3.0.xsd
         http://www.springframework.org/schema/context
         http://www.springframework.org/schema/context/spring-context-3.0.xsd
         http://www.springframework.org/schema/aop
         http://www.springframework.org/schema/aop/spring-aop-3.0.xsd
         http://www.springframework.org/schema/tx 
         http://www.springframework.org/schema/tx/spring-tx-3.0.xsd">
    <!-- 打开Spring的Annotation支持 -->
	<context:annotation-config />
	
	<bean id="userDao" class="org.easymock.EasyMock" factory-method="createStrictMock">
		<constructor-arg value="org.xyq.cms.dao.IUserDao"></constructor-arg>
	</bean>
	
	<bean id="roleDao" class="org.easymock.EasyMock" factory-method="createStrictMock">
		<constructor-arg value="org.xyq.cms.dao.IRoleDao"></constructor-arg>
	</bean>
	
	<bean id="groupDao" class="org.easymock.EasyMock" factory-method="createStrictMock">
		<constructor-arg value="org.xyq.cms.dao.IGroupDao"></constructor-arg>
	</bean>
	
	<bean id="channelDao" class="org.easymock.EasyMock" factory-method="createStrictMock">
		<constructor-arg value="org.xyq.cms.dao.IChannelDao"></constructor-arg>
	</bean>
	
	<bean id="userService" class="org.xyq.cms.service.UserService">
		<property name="userDao" ref="userDao"></property>
		<property name="roleDao" ref="roleDao"></property>
		<property name="groupDao" ref="groupDao"></property>
	</bean>
	<bean id="groupService" class="org.xyq.cms.service.GroupService">
		<property name="userDao" ref="userDao"></property>
		<property name="groupDao" ref="groupDao"></property>
		<property name="channelDao" ref="channelDao"></property>
	</bean>
	<bean id="roleService" class="org.xyq.cms.service.RoleService">
		<property name="userDao" ref="userDao"></property>
		<property name="roleDao" ref="roleDao"></property>
	</bean>
</beans>
